<?xml version="1.0" encoding="UTF-8"?>
<testsuite name="com.datastructure.MyHashMapTest" tests="1" skipped="0" failures="0" errors="0" timestamp="2021-05-18T18:38:38" hostname="ADMIN-PC" time="0.035">
  <properties/>
  <testcase name="givenASentence_WhenWordsAreAddedToList_ShouldReturnWordFrequency()" classname="com.datastructure.MyHashMapTest" time="0.035"/>
  <system-out><![CDATA[MyHashMapNodes{MyLinkedList{MyMapNode{K=toV=2}->MyMapNode{K=beV=2}->MyMapNode{K=orV=1}->MyMapNode{K=notV=1}}}
]]></system-out>
  <system-err><![CDATA[]]></system-err>
</testsuite>
